18-02-13 21:01:15 : Message is missing sender's address
18-02-13 21:02:27 : Message is missing sender's address
18-02-13 21:03:23 : Message is missing sender's address
18-02-13 21:04:45 : Message is missing sender's address
18-02-13 21:06:22 : Message is missing sender's address
18-02-13 21:14:19 : Message is missing sender's address
18-02-13 21:15:00 : Message is missing sender's address
18-02-13 21:15:03 : Message is missing sender's address
18-02-13 21:15:20 : Message is missing sender's address
18-02-13 21:15:23 : Message is missing sender's address
18-02-13 21:18:50 : Message is missing sender's address
18-02-13 21:18:53 : Message is missing sender's address
18-02-13 21:20:34 : <https://accounts.google.com/signin/continue?sarp=1&scc=1&plt=AKgnsbu-<EOL>UXjclnnGCIgD8kD4McC3MyOetDjI8hsSAomn56SyNf22BZgYF1kQRoLnHOvpgL9WWqK7Wl<EOL>qY8J3iFRwU4OLvI-9N0CyaIH_FiY6n5ic5VAyN9kSuUan35dJACz-JlzhvGDh_KCQCnhhh<EOL>Fc6vF41dnU25e0FAYR5R1KqoOHXhuPAzrW_If1tGmPDHJJx0BgnEKKDdbKhFDDxnaFRHYI<EOL>Gju4bi0GiHfq5wwjd84kTNKihWMgA> Please log in via your web browser and<EOL>then try again.<EOL> Learn more at<EOL> https://support.google.com/mail/answer/78754 t76sm15711288iof.87 - gsmtp<EOL>
18-02-13 21:20:54 : <https://accounts.google.com/signin/continue?sarp=1&scc=1&plt=AKgnsbvE<EOL>8XQObi7uldzu2jrJb7RkbqKVz-8Z5RvX_yvZze1bXOrMokCZ-OBhKgRLGtNIyYhzVRDV0v<EOL>M1JeeC4aKSkoDq_FV87OR-Mj3LZmkmBNGyB7S27lVHDLZ2nVQYPFrx2sOsoEObI-2RnEKA<EOL>23-q9S6l_cWSiOzhnJ4vXDx3T0-wQVGKUOP_gV9f1O8McqQ4FmydnntwVRJQIbW6IMwUGa<EOL>L_04YuVnWydeBYlogPNSgElnufggI> Please log in via your web browser and<EOL>then try again.<EOL> Learn more at<EOL> https://support.google.com/mail/answer/78754 z1sm10837642itg.37 - gsmtp<EOL>
18-02-13 21:21:50 : <https://accounts.google.com/signin/continue?sarp=1&scc=1&plt=AKgnsbu5<EOL>PNsPs3_1auKybVcMn40qsL6QbHulnvI1AKDA4jnr5vYn6aTfjCXfRO1kGAZ6i97-Y6NIcF<EOL>8WpgrJrSrRZS7BTsBkcV4YFIEq6SgG3gpATKiGcgg8LcmaLodSCC9JmLrGNNYsZsXHjpPZ<EOL>GtSYKnuw76Iy5wkQJWw0BrIYtNRrMtHiLllAFq3c78ej3oXD34oDlRMhQHzepRtwKUYh8e<EOL>QCgZNmUZKyIkWRDAytYIIiB0DKPXE> Please log in via your web browser and<EOL>then try again.<EOL> Learn more at<EOL> https://support.google.com/mail/answer/78754 m32sm68241iti.30 - gsmtp<EOL>
18-02-13 21:21:56 : <https://accounts.google.com/signin/continue?sarp=1&scc=1&plt=AKgnsbtl<EOL>htLxmy1VBpp2S-pHMWAGGXrUWX8VEwNR3FSuTImFoQc6kAvy9aWEgT_E2oyHPa959dg_s-<EOL>uPSoHD_4dDIsdF7C1oKzL3GN1qHz1o3VTmNwiX09tBtHK846V6ild__IYRecjQtsqKmVah<EOL>-dQKW9zQ5is6tW_MbTguBLjjxOpHh9kCZyB5lws-6omrmqhQ7fhSr7IbQRtbEgtM0WFYuc<EOL>bYWJOmPRU0WfbOstp0yc8mTesR7ms> Please log in via your web browser and<EOL>then try again.<EOL> Learn more at<EOL> https://support.google.com/mail/answer/78754 y62sm10687481itg.11 - gsmtp<EOL>
18-02-13 21:23:18 : <https://accounts.google.com/signin/continue?sarp=1&scc=1&plt=AKgnsbue<EOL>TT6jyJsfu8ZzCXPWGjaqeZJkQsOVQeX1dNcclqGJqEd_KGxRDZ6X3qrHQVfzh_dvXG8nD2<EOL>5J2Dccnvrt171OzTENNKOlZEoDyvy6wHGORv-U7VXT4lu7wlvo5DVGFRtbrtYxPGpdPPXS<EOL>CMQZH_haiSoMBD0SWIKJIIns5qn0f6jDaTRqAGf4uiTl0Ud70y_xK9nescaQlSjcTC1wti<EOL>Nn1B9hZF6UgYyD3UH7IS3MWOm4dmU> Please log in via your web browser and<EOL>then try again.<EOL> Learn more at<EOL> https://support.google.com/mail/answer/78754 r137sm10989169ita.23 - gsmtp<EOL>
18-02-13 21:23:40 : <https://accounts.google.com/signin/continue?sarp=1&scc=1&plt=AKgnsbvf<EOL>7bsrSDccxBErJVAqI1qAYQ-lMSmFwTmj9_sNilA7jaDT7KlWMeGFJvfzFTKMT9LEmgDLVP<EOL>EyJxu0MCE_Iv1oe6q7ey3inKOMF8-J03u3rQvEvi-CZCVNf9P7PdtNlgnKHnWOZharW3p6<EOL>aRvOsuugiWZZTeuh-qqRqw4LlhlmIMiTFMRMq4WFARFCkTyeWfnpkJW-iFuYe3XP4HD_Oa<EOL>Z42UATWP0-Cx3XYykeqxbRjQgLzW4> Please log in via your web browser and<EOL>then try again.<EOL> Learn more at<EOL> https://support.google.com/mail/answer/78754 j28sm6777149ioo.63 - gsmtp<EOL>
18-02-13 21:23:56 : <https://accounts.google.com/signin/continue?sarp=1&scc=1&plt=AKgnsbuS<EOL>5e6nIYgWjAqUWPgo_Fys0KzeTI8bu5pPhT2T_R9_ylS2E8l2nSuDogC1koLfnSx_lApj2y<EOL>_kKJe0bijBZ38haA9_OZKhASQFqCg1dYh_I0HNMYbmZVWVYEp880OK3T2PO3spQO28FUR4<EOL>WpDocCFoRVQYDEIyHyRQ8VfGovuzb5ATPaWQCWprBTdzsjTTEXuFoUUSST2tV_AMOZShry<EOL>kokrzJNxRXjr3sE1jskjzbxUEZS_0> Please log in via your web browser and<EOL>then try again.<EOL> Learn more at<EOL> https://support.google.com/mail/answer/78754 e84sm15534754iod.76 - gsmtp<EOL>
18-02-13 21:24:01 : <https://accounts.google.com/signin/continue?sarp=1&scc=1&plt=AKgnsbvE<EOL>otek_20I71j3S2cOoWVqGv5lRQTcZ2qeghd5NX_vIZUOtZMhSWdbXkV2adyg42LI8gD3KS<EOL>uZPn_iwLfBvOkLHELLFPXGSNHUNV7EQeyHczJsasVs9Nz5yK_cFztmsOu8nOZfTlRro5QY<EOL>o1k94LN9_0OBRTXA_iZ92My1cyGLpxaLyogRvwEznVzdYxs1L5t6jdgWAOZugwZuwKSYg8<EOL>hVy-AkRy-bbcGf6Kwf4fCZOJ0xzy0> Please log in via your web browser and<EOL>then try again.<EOL> Learn more at<EOL> https://support.google.com/mail/answer/78754 193sm12704450itv.9 - gsmtp<EOL>
18-02-15 14:47:53 : Message is missing sender's address
18-02-15 14:48:02 : Message is missing sender's address
18-02-15 14:49:43 : Message is missing sender's address
18-02-15 14:50:00 : Message is missing sender's address
18-02-15 14:50:02 : Message is missing sender's address
18-02-15 14:50:05 : Message is missing sender's address
18-02-15 14:52:33 : Message is missing sender's address
18-02-15 14:53:18 : Message is missing sender's address
18-02-15 14:53:20 : Message is missing sender's address
18-02-15 14:53:33 : Message is missing sender's address
18-02-15 14:54:26 : Message is missing sender's address
18-02-15 14:54:29 : Message is missing sender's address
18-02-15 14:55:17 : Message is missing sender's address
18-02-15 14:55:20 : Message is missing sender's address
18-02-15 14:56:01 : Message is missing sender's address
18-02-15 14:56:04 : Message is missing sender's address
18-02-15 20:32:25 : Message is missing sender's address
18-02-15 20:34:03 : Message is missing sender's address
21-05-15 23:40:15 : Error connecting with SSL.<EOL>Error connecting with SSL.<EOL>error:1408F10B:SSL routines:SSL3_GET_RECORD:wrong version number
21-05-15 23:49:37 : Error connecting with SSL.<EOL>Error connecting with SSL.<EOL>error:1408F10B:SSL routines:SSL3_GET_RECORD:wrong version number
21-05-15 23:50:03 : Error connecting with SSL.<EOL>Error connecting with SSL.<EOL>error:1408F10B:SSL routines:SSL3_GET_RECORD:wrong version number
21-05-15 23:51:47 : Error connecting with SSL.<EOL>Error connecting with SSL.<EOL>error:1408F10B:SSL routines:SSL3_GET_RECORD:wrong version number
21-05-15 23:53:11 : Error connecting with SSL.<EOL>Error connecting with SSL.<EOL>error:1408F10B:SSL routines:SSL3_GET_RECORD:wrong version number
21-05-15 23:53:15 : Error connecting with SSL.<EOL>Error connecting with SSL.<EOL>error:1408F10B:SSL routines:SSL3_GET_RECORD:wrong version number
21-05-15 23:59:06 : Message is missing recipient's address
21-05-15 23:59:10 : Message is missing recipient's address
21-05-16 00:01:34 : Message is missing recipient's address
21-05-16 00:01:41 : Message is missing recipient's address
21-05-16 00:02:23 : Message is missing recipient's address
21-05-16 00:03:48 : Message is missing recipient's address
21-05-16 00:11:38 : Message is missing sender's address
21-05-16 00:12:04 : Message is missing sender's address
21-05-16 15:28:44 : Message is missing recipient's address
21-05-16 15:28:46 : Message is missing recipient's address
21-05-16 15:29:03 : Message is missing recipient's address
21-05-16 15:29:05 : Message is missing recipient's address
21-05-26 00:27:41 : Message is missing recipient's address
21-05-26 00:27:41 : Message is missing recipient's address
21-05-26 00:34:48 : Message is missing recipient's address
21-05-26 00:36:16 : Message is missing recipient's address
21-05-26 00:36:16 : Message is missing recipient's address
21-05-26 00:36:57 : Message is missing recipient's address
21-05-26 00:37:19 : Message is missing recipient's address
21-05-26 00:42:47 : Message is missing recipient's address
21-05-26 00:43:40 : Message is missing recipient's address
21-05-26 00:45:23 : Message is missing recipient's address
21-05-26 00:47:32 : Message is missing recipient's address
21-05-26 00:47:35 : Message is missing recipient's address
21-05-26 00:50:11 : Message is missing recipient's address
21-05-26 00:50:25 : Message is missing recipient's address
21-05-26 00:57:56 : Message is missing recipient's address
21-05-26 01:02:44 : Message is missing recipient's address
21-05-26 01:03:03 : Message is missing recipient's address
21-05-26 01:04:40 : Message is missing recipient's address
21-05-26 01:05:03 : Message is missing recipient's address
21-05-26 01:05:25 : Message is missing recipient's address
21-07-04 23:40:23 : Username and Password not accepted. Learn more at<EOL> https://support.google.com/mail/?p=BadCredentials g141sm10196329pfb.210 - gsmtp<EOL>
21-07-04 23:43:11 : Username and Password not accepted. Learn more at<EOL> https://support.google.com/mail/?p=BadCredentials n56sm6042474pfv.65 - gsmtp<EOL>
21-07-04 23:48:38 : Username and Password not accepted. Learn more at<EOL> https://support.google.com/mail/?p=BadCredentials g12sm2417500pjk.25 - gsmtp<EOL>
21-07-04 23:48:51 : Username and Password not accepted. Learn more at<EOL> https://support.google.com/mail/?p=BadCredentials f18sm18178015pjq.48 - gsmtp<EOL>
21-07-04 23:57:48 : Username and Password not accepted. Learn more at<EOL> https://support.google.com/mail/?p=BadCredentials q3sm9947486pfj.89 - gsmtp<EOL>
21-07-05 00:00:17 : Username and Password not accepted. Learn more at<EOL> https://support.google.com/mail/?p=BadCredentials f2sm9522310pfe.23 - gsmtp<EOL>
21-07-05 00:01:03 : Username and Password not accepted. Learn more at<EOL> https://support.google.com/mail/?p=BadCredentials c24sm10111438pfn.86 - gsmtp<EOL>
21-07-05 00:04:30 : Error connecting with SSL.<EOL>Error connecting with SSL.<EOL>error:1408F10B:SSL routines:SSL3_GET_RECORD:wrong version number
21-07-05 00:06:24 : Error connecting with SSL.<EOL>Error connecting with SSL.<EOL>error:1408F10B:SSL routines:SSL3_GET_RECORD:wrong version number
21-07-05 00:08:58 : Error connecting with SSL.<EOL>Error connecting with SSL.<EOL>error:1408F10B:SSL routines:SSL3_GET_RECORD:wrong version number
21-07-05 00:21:13 : Error connecting with SSL.<EOL>Error connecting with SSL.<EOL>error:1408F10B:SSL routines:SSL3_GET_RECORD:wrong version number
21-07-05 00:24:32 : Error connecting with SSL.<EOL>Error connecting with SSL.<EOL>error:1408F10B:SSL routines:SSL3_GET_RECORD:wrong version number
21-07-05 00:31:07 : Username and Password not accepted. Learn more at<EOL> https://support.google.com/mail/?p=BadCredentials 31sm162282pgu.17 - gsmtp<EOL>
21-07-05 00:32:12 : Username and Password not accepted. Learn more at<EOL> https://support.google.com/mail/?p=BadCredentials t9sm11470270pjs.50 - gsmtp<EOL>
